<?xml version="1.0" encoding="UTF-8"?>
<!-- Generated by org.testng.reporters.JUnitReportReporter -->
<testsuite hostname="LAPTOP-A3OHCB5N" failures="0" tests="1" name="ApooravFramework.ExtentReports.ExtentReportDemo" time="6.314" errors="0" timestamp="2023-01-08T22:56:48 IST" skipped="0">
  <testcase classname="ApooravFramework.ExtentReports.ExtentReportDemo" name="initialDemo" time="6.314"/>
  <system-out/>
</testsuite> <!-- ApooravFramework.ExtentReports.ExtentReportDemo -->
